2025-08-05 12:57:20,336 - __main__ - INFO - Matrix backtest started. Log file: matrix_results/matrix_run_20250805_125720.log
2025-08-05 12:57:20,336 - backtest.backtest_runner - INFO - ============================================================
2025-08-05 12:57:20,337 - backtest.backtest_runner - INFO - STARTING BACKTEST WITH NORMALIZED DATA PIPELINE
2025-08-05 12:57:20,337 - backtest.backtest_runner - INFO - ============================================================
2025-08-05 12:57:20,341 - core.researchStrategy - INFO - Strategy initialized: Modular Intraday Long-Only Strategy v3.0
2025-08-05 12:57:20,341 - core.researchStrategy - INFO - Indicators enabled: EMA=True, MACD=True, VWAP=True, HTF=True, RSI=False
2025-08-05 12:57:20,342 - core.position_manager - INFO - PositionManager initialized with capital: 100,000
2025-08-05 12:57:20,342 - backtest.backtest_runner - INFO - Loading data with centralized loader...
2025-08-05 12:57:20,343 - backtest.backtest_runner - INFO - Loading data from: C:\Users\user\Desktop\data\date-wise\live_ticks_20250721_163044.csv
2025-08-05 12:57:20,369 - utils.simple_loader - INFO - Loading data from: C:\Users\user\Desktop\data\date-wise\live_ticks_20250721_163044.csv
2025-08-05 12:57:22,002 - utils.simple_loader - INFO - Processing as tick-by-tick data
2025-08-05 12:57:22,012 - utils.simple_loader - INFO - Loaded 36151 ticks
2025-08-05 12:57:22,031 - backtest.backtest_runner - INFO - Loaded and normalized data. Shape: (36151, 6). Time range: 2025-07-21 09:18:04+05:30 to 2025-07-21 15:30:01+05:30
2025-08-05 12:57:22,036 - backtest.backtest_runner - INFO - Optimizing memory usage for large tick dataset (36151 ticks)
2025-08-05 12:57:22,078 - backtest.backtest_runner - INFO - Trimmed dataset from 36151 to 1000 rows for optimized indicator calculation
2025-08-05 12:57:22,092 - core.indicators - INFO - Validating data quality for 1000 rows
2025-08-05 12:57:22,118 - backtest.backtest_runner - INFO - Starting backtest execution...
2025-08-05 12:57:22,134 - backtest.backtest_runner - INFO - ============================================================
2025-08-05 12:57:22,138 - backtest.backtest_runner - INFO - BACKTEST SUMMARY
2025-08-05 12:57:22,139 - backtest.backtest_runner - INFO - ============================================================
2025-08-05 12:57:22,140 - backtest.backtest_runner - INFO - Data Quality:
2025-08-05 12:57:22,140 - backtest.backtest_runner - INFO -   Total input rows: 36151
2025-08-05 12:57:22,141 - backtest.backtest_runner - INFO -   Processed rows: 36151
2025-08-05 12:57:22,141 - backtest.backtest_runner - INFO -   Data quality: 100.0%
2025-08-05 12:57:22,143 - backtest.backtest_runner - INFO - 
2025-08-05 12:57:22,163 - backtest.backtest_runner - INFO - Trading Performance:
2025-08-05 12:57:22,186 - backtest.backtest_runner - INFO -   Total Trades: 0
2025-08-05 12:57:22,201 - backtest.backtest_runner - INFO -   Win Rate: 0.00%
2025-08-05 12:57:22,424 - backtest.backtest_runner - INFO -   Profit Factor: 0.00
2025-08-05 12:57:22,468 - backtest.backtest_runner - INFO - ============================================================
2025-08-05 12:57:22,469 - backtest.backtest_runner - WARNING - No trades executed during backtest
2025-08-05 12:57:22,486 - backtest.backtest_runner - INFO - ============================================================
2025-08-05 12:57:22,487 - backtest.backtest_runner - INFO - STARTING BACKTEST WITH NORMALIZED DATA PIPELINE
2025-08-05 12:57:22,487 - backtest.backtest_runner - INFO - ============================================================
2025-08-05 12:57:22,488 - core.researchStrategy - INFO - Strategy initialized: Modular Intraday Long-Only Strategy v3.0
2025-08-05 12:57:22,488 - core.researchStrategy - INFO - Indicators enabled: EMA=True, MACD=True, VWAP=True, HTF=True, RSI=False
2025-08-05 12:57:22,489 - core.position_manager - INFO - PositionManager initialized with capital: 100,000
2025-08-05 12:57:22,490 - backtest.backtest_runner - INFO - Loading data with centralized loader...
2025-08-05 12:57:22,494 - backtest.backtest_runner - INFO - Loading data from: C:\Users\user\Desktop\data\date-wise\live_ticks_20250721_163044.csv
2025-08-05 12:57:22,495 - utils.simple_loader - INFO - Loading data from: C:\Users\user\Desktop\data\date-wise\live_ticks_20250721_163044.csv
2025-08-05 12:57:23,951 - utils.simple_loader - INFO - Processing as tick-by-tick data
2025-08-05 12:57:23,956 - utils.simple_loader - INFO - Loaded 36151 ticks
2025-08-05 12:57:23,958 - backtest.backtest_runner - INFO - Loaded and normalized data. Shape: (36151, 6). Time range: 2025-07-21 09:18:04+05:30 to 2025-07-21 15:30:01+05:30
2025-08-05 12:57:23,958 - backtest.backtest_runner - INFO - Optimizing memory usage for large tick dataset (36151 ticks)
2025-08-05 12:57:23,964 - backtest.backtest_runner - INFO - Trimmed dataset from 36151 to 1000 rows for optimized indicator calculation
2025-08-05 12:57:23,971 - core.indicators - INFO - Validating data quality for 1000 rows
2025-08-05 12:57:23,973 - backtest.backtest_runner - INFO - Starting backtest execution...
2025-08-05 12:57:23,976 - backtest.backtest_runner - INFO - ============================================================
2025-08-05 12:57:23,977 - backtest.backtest_runner - INFO - BACKTEST SUMMARY
2025-08-05 12:57:23,977 - backtest.backtest_runner - INFO - ============================================================
2025-08-05 12:57:23,978 - backtest.backtest_runner - INFO - Data Quality:
2025-08-05 12:57:23,980 - backtest.backtest_runner - INFO -   Total input rows: 36151
2025-08-05 12:57:23,980 - backtest.backtest_runner - INFO -   Processed rows: 36151
2025-08-05 12:57:23,980 - backtest.backtest_runner - INFO -   Data quality: 100.0%
2025-08-05 12:57:23,981 - backtest.backtest_runner - INFO - 
2025-08-05 12:57:23,981 - backtest.backtest_runner - INFO - Trading Performance:
2025-08-05 12:57:23,981 - backtest.backtest_runner - INFO -   Total Trades: 0
2025-08-05 12:57:23,982 - backtest.backtest_runner - INFO -   Win Rate: 0.00%
2025-08-05 12:57:24,015 - backtest.backtest_runner - INFO -   Profit Factor: 0.00
2025-08-05 12:57:24,042 - backtest.backtest_runner - INFO - ============================================================
2025-08-05 12:57:24,042 - backtest.backtest_runner - WARNING - No trades executed during backtest
2025-08-05 12:57:24,051 - backtest.backtest_runner - INFO - ============================================================
2025-08-05 12:57:24,052 - backtest.backtest_runner - INFO - STARTING BACKTEST WITH NORMALIZED DATA PIPELINE
2025-08-05 12:57:24,052 - backtest.backtest_runner - INFO - ============================================================
2025-08-05 12:57:24,053 - core.researchStrategy - INFO - Strategy initialized: Modular Intraday Long-Only Strategy v3.0
2025-08-05 12:57:24,053 - core.researchStrategy - INFO - Indicators enabled: EMA=True, MACD=True, VWAP=True, HTF=True, RSI=False
2025-08-05 12:57:24,054 - core.position_manager - INFO - PositionManager initialized with capital: 100,000
2025-08-05 12:57:24,054 - backtest.backtest_runner - INFO - Loading data with centralized loader...
2025-08-05 12:57:24,055 - backtest.backtest_runner - INFO - Loading data from: C:\Users\user\Desktop\data\date-wise\live_ticks_20250721_163044.csv
2025-08-05 12:57:24,056 - utils.simple_loader - INFO - Loading data from: C:\Users\user\Desktop\data\date-wise\live_ticks_20250721_163044.csv
2025-08-05 12:57:25,464 - utils.simple_loader - INFO - Processing as tick-by-tick data
2025-08-05 12:57:25,467 - utils.simple_loader - INFO - Loaded 36151 ticks
2025-08-05 12:57:25,469 - backtest.backtest_runner - INFO - Loaded and normalized data. Shape: (36151, 6). Time range: 2025-07-21 09:18:04+05:30 to 2025-07-21 15:30:01+05:30
2025-08-05 12:57:25,470 - backtest.backtest_runner - INFO - Optimizing memory usage for large tick dataset (36151 ticks)
2025-08-05 12:57:25,482 - backtest.backtest_runner - INFO - Trimmed dataset from 36151 to 1000 rows for optimized indicator calculation
2025-08-05 12:57:25,483 - core.indicators - INFO - Validating data quality for 1000 rows
2025-08-05 12:57:25,485 - backtest.backtest_runner - INFO - Starting backtest execution...
2025-08-05 12:57:25,488 - backtest.backtest_runner - INFO - ============================================================
2025-08-05 12:57:25,488 - backtest.backtest_runner - INFO - BACKTEST SUMMARY
2025-08-05 12:57:25,489 - backtest.backtest_runner - INFO - ============================================================
2025-08-05 12:57:25,490 - backtest.backtest_runner - INFO - Data Quality:
2025-08-05 12:57:25,491 - backtest.backtest_runner - INFO -   Total input rows: 36151
2025-08-05 12:57:25,491 - backtest.backtest_runner - INFO -   Processed rows: 36151
2025-08-05 12:57:25,492 - backtest.backtest_runner - INFO -   Data quality: 100.0%
2025-08-05 12:57:25,492 - backtest.backtest_runner - INFO - 
2025-08-05 12:57:25,492 - backtest.backtest_runner - INFO - Trading Performance:
2025-08-05 12:57:25,493 - backtest.backtest_runner - INFO -   Total Trades: 0
2025-08-05 12:57:25,493 - backtest.backtest_runner - INFO -   Win Rate: 0.00%
2025-08-05 12:57:25,525 - backtest.backtest_runner - INFO -   Profit Factor: 0.00
2025-08-05 12:57:25,553 - backtest.backtest_runner - INFO - ============================================================
2025-08-05 12:57:25,553 - backtest.backtest_runner - WARNING - No trades executed during backtest
2025-08-05 12:57:25,556 - backtest.backtest_runner - INFO - ============================================================
2025-08-05 12:57:25,557 - backtest.backtest_runner - INFO - STARTING BACKTEST WITH NORMALIZED DATA PIPELINE
2025-08-05 12:57:25,558 - backtest.backtest_runner - INFO - ============================================================
2025-08-05 12:57:25,559 - core.researchStrategy - INFO - Strategy initialized: Modular Intraday Long-Only Strategy v3.0
2025-08-05 12:57:25,560 - core.researchStrategy - INFO - Indicators enabled: EMA=True, MACD=True, VWAP=True, HTF=True, RSI=False
2025-08-05 12:57:25,565 - core.position_manager - INFO - PositionManager initialized with capital: 100,000
2025-08-05 12:57:25,565 - backtest.backtest_runner - INFO - Loading data with centralized loader...
2025-08-05 12:57:25,565 - backtest.backtest_runner - INFO - Loading data from: C:\Users\user\Desktop\data\date-wise\live_ticks_20250721_163044.csv
2025-08-05 12:57:25,566 - utils.simple_loader - INFO - Loading data from: C:\Users\user\Desktop\data\date-wise\live_ticks_20250721_163044.csv
2025-08-05 12:57:27,005 - utils.simple_loader - INFO - Processing as tick-by-tick data
2025-08-05 12:57:27,009 - utils.simple_loader - INFO - Loaded 36151 ticks
2025-08-05 12:57:27,011 - backtest.backtest_runner - INFO - Loaded and normalized data. Shape: (36151, 6). Time range: 2025-07-21 09:18:04+05:30 to 2025-07-21 15:30:01+05:30
2025-08-05 12:57:27,012 - backtest.backtest_runner - INFO - Optimizing memory usage for large tick dataset (36151 ticks)
2025-08-05 12:57:27,015 - backtest.backtest_runner - INFO - Trimmed dataset from 36151 to 1000 rows for optimized indicator calculation
2025-08-05 12:57:27,016 - core.indicators - INFO - Validating data quality for 1000 rows
2025-08-05 12:57:27,023 - backtest.backtest_runner - INFO - Starting backtest execution...
2025-08-05 12:57:27,026 - backtest.backtest_runner - INFO - ============================================================
2025-08-05 12:57:27,027 - backtest.backtest_runner - INFO - BACKTEST SUMMARY
2025-08-05 12:57:27,027 - backtest.backtest_runner - INFO - ============================================================
2025-08-05 12:57:27,027 - backtest.backtest_runner - INFO - Data Quality:
2025-08-05 12:57:27,028 - backtest.backtest_runner - INFO -   Total input rows: 36151
2025-08-05 12:57:27,029 - backtest.backtest_runner - INFO -   Processed rows: 36151
2025-08-05 12:57:27,030 - backtest.backtest_runner - INFO -   Data quality: 100.0%
2025-08-05 12:57:27,030 - backtest.backtest_runner - INFO - 
2025-08-05 12:57:27,030 - backtest.backtest_runner - INFO - Trading Performance:
2025-08-05 12:57:27,031 - backtest.backtest_runner - INFO -   Total Trades: 0
2025-08-05 12:57:27,031 - backtest.backtest_runner - INFO -   Win Rate: 0.00%
2025-08-05 12:57:27,061 - backtest.backtest_runner - INFO -   Profit Factor: 0.00
2025-08-05 12:57:27,086 - backtest.backtest_runner - INFO - ============================================================
2025-08-05 12:57:27,086 - backtest.backtest_runner - WARNING - No trades executed during backtest
2025-08-05 12:57:27,089 - backtest.backtest_runner - INFO - ============================================================
2025-08-05 12:57:27,090 - backtest.backtest_runner - INFO - STARTING BACKTEST WITH NORMALIZED DATA PIPELINE
2025-08-05 12:57:27,091 - backtest.backtest_runner - INFO - ============================================================
2025-08-05 12:57:27,091 - core.researchStrategy - INFO - Strategy initialized: Modular Intraday Long-Only Strategy v3.0
2025-08-05 12:57:27,092 - core.researchStrategy - INFO - Indicators enabled: EMA=True, MACD=True, VWAP=True, HTF=True, RSI=False
2025-08-05 12:57:27,092 - core.position_manager - INFO - PositionManager initialized with capital: 100,000
2025-08-05 12:57:27,094 - backtest.backtest_runner - INFO - Loading data with centralized loader...
2025-08-05 12:57:27,098 - backtest.backtest_runner - INFO - Loading data from: C:\Users\user\Desktop\data\date-wise\live_ticks_20250721_163044.csv
2025-08-05 12:57:27,098 - utils.simple_loader - INFO - Loading data from: C:\Users\user\Desktop\data\date-wise\live_ticks_20250721_163044.csv
2025-08-05 12:57:28,833 - utils.simple_loader - INFO - Processing as tick-by-tick data
2025-08-05 12:57:28,837 - utils.simple_loader - INFO - Loaded 36151 ticks
2025-08-05 12:57:28,839 - backtest.backtest_runner - INFO - Loaded and normalized data. Shape: (36151, 6). Time range: 2025-07-21 09:18:04+05:30 to 2025-07-21 15:30:01+05:30
2025-08-05 12:57:28,840 - backtest.backtest_runner - INFO - Optimizing memory usage for large tick dataset (36151 ticks)
2025-08-05 12:57:28,842 - backtest.backtest_runner - INFO - Trimmed dataset from 36151 to 1000 rows for optimized indicator calculation
2025-08-05 12:57:28,844 - core.indicators - INFO - Validating data quality for 1000 rows
2025-08-05 12:57:28,848 - backtest.backtest_runner - INFO - Starting backtest execution...
2025-08-05 12:57:28,852 - backtest.backtest_runner - INFO - ============================================================
2025-08-05 12:57:28,853 - backtest.backtest_runner - INFO - BACKTEST SUMMARY
2025-08-05 12:57:28,855 - backtest.backtest_runner - INFO - ============================================================
2025-08-05 12:57:28,856 - backtest.backtest_runner - INFO - Data Quality:
2025-08-05 12:57:28,856 - backtest.backtest_runner - INFO -   Total input rows: 36151
2025-08-05 12:57:28,857 - backtest.backtest_runner - INFO -   Processed rows: 36151
2025-08-05 12:57:28,857 - backtest.backtest_runner - INFO -   Data quality: 100.0%
2025-08-05 12:57:28,858 - backtest.backtest_runner - INFO - 
2025-08-05 12:57:28,859 - backtest.backtest_runner - INFO - Trading Performance:
2025-08-05 12:57:28,859 - backtest.backtest_runner - INFO -   Total Trades: 0
2025-08-05 12:57:28,859 - backtest.backtest_runner - INFO -   Win Rate: 0.00%
2025-08-05 12:57:28,885 - backtest.backtest_runner - INFO -   Profit Factor: 0.00
2025-08-05 12:57:28,918 - backtest.backtest_runner - INFO - ============================================================
2025-08-05 12:57:28,918 - backtest.backtest_runner - WARNING - No trades executed during backtest
2025-08-05 12:57:28,923 - backtest.backtest_runner - INFO - ============================================================
2025-08-05 12:57:28,923 - backtest.backtest_runner - INFO - STARTING BACKTEST WITH NORMALIZED DATA PIPELINE
2025-08-05 12:57:28,924 - backtest.backtest_runner - INFO - ============================================================
2025-08-05 12:57:28,924 - core.researchStrategy - INFO - Strategy initialized: Modular Intraday Long-Only Strategy v3.0
2025-08-05 12:57:28,925 - core.researchStrategy - INFO - Indicators enabled: EMA=True, MACD=True, VWAP=True, HTF=True, RSI=False
2025-08-05 12:57:28,925 - core.position_manager - INFO - PositionManager initialized with capital: 100,000
2025-08-05 12:57:28,926 - backtest.backtest_runner - INFO - Loading data with centralized loader...
2025-08-05 12:57:28,926 - backtest.backtest_runner - INFO - Loading data from: C:\Users\user\Desktop\data\date-wise\live_ticks_20250721_163044.csv
2025-08-05 12:57:28,927 - utils.simple_loader - INFO - Loading data from: C:\Users\user\Desktop\data\date-wise\live_ticks_20250721_163044.csv
2025-08-05 12:57:30,441 - utils.simple_loader - INFO - Processing as tick-by-tick data
2025-08-05 12:57:30,450 - utils.simple_loader - INFO - Loaded 36151 ticks
2025-08-05 12:57:30,453 - backtest.backtest_runner - INFO - Loaded and normalized data. Shape: (36151, 6). Time range: 2025-07-21 09:18:04+05:30 to 2025-07-21 15:30:01+05:30
2025-08-05 12:57:30,454 - backtest.backtest_runner - INFO - Optimizing memory usage for large tick dataset (36151 ticks)
2025-08-05 12:57:30,454 - backtest.backtest_runner - INFO - Trimmed dataset from 36151 to 1000 rows for optimized indicator calculation
2025-08-05 12:57:30,455 - core.indicators - INFO - Validating data quality for 1000 rows
2025-08-05 12:57:30,457 - backtest.backtest_runner - INFO - Starting backtest execution...
2025-08-05 12:57:30,462 - backtest.backtest_runner - INFO - ============================================================
2025-08-05 12:57:30,462 - backtest.backtest_runner - INFO - BACKTEST SUMMARY
2025-08-05 12:57:30,463 - backtest.backtest_runner - INFO - ============================================================
2025-08-05 12:57:30,463 - backtest.backtest_runner - INFO - Data Quality:
2025-08-05 12:57:30,465 - backtest.backtest_runner - INFO -   Total input rows: 36151
2025-08-05 12:57:30,466 - backtest.backtest_runner - INFO -   Processed rows: 36151
2025-08-05 12:57:30,467 - backtest.backtest_runner - INFO -   Data quality: 100.0%
2025-08-05 12:57:30,469 - backtest.backtest_runner - INFO - 
2025-08-05 12:57:30,471 - backtest.backtest_runner - INFO - Trading Performance:
2025-08-05 12:57:30,472 - backtest.backtest_runner - INFO -   Total Trades: 0
2025-08-05 12:57:30,472 - backtest.backtest_runner - INFO -   Win Rate: 0.00%
2025-08-05 12:57:30,502 - backtest.backtest_runner - INFO -   Profit Factor: 0.00
2025-08-05 12:57:30,538 - backtest.backtest_runner - INFO - ============================================================
2025-08-05 12:57:30,538 - backtest.backtest_runner - WARNING - No trades executed during backtest
2025-08-05 12:57:30,540 - backtest.backtest_runner - INFO - ============================================================
2025-08-05 12:57:30,543 - backtest.backtest_runner - INFO - STARTING BACKTEST WITH NORMALIZED DATA PIPELINE
2025-08-05 12:57:30,543 - backtest.backtest_runner - INFO - ============================================================
2025-08-05 12:57:30,544 - core.researchStrategy - INFO - Strategy initialized: Modular Intraday Long-Only Strategy v3.0
2025-08-05 12:57:30,544 - core.researchStrategy - INFO - Indicators enabled: EMA=True, MACD=True, VWAP=True, HTF=True, RSI=False
2025-08-05 12:57:30,547 - core.position_manager - INFO - PositionManager initialized with capital: 100,000
2025-08-05 12:57:30,548 - backtest.backtest_runner - INFO - Loading data with centralized loader...
2025-08-05 12:57:30,548 - backtest.backtest_runner - INFO - Loading data from: C:\Users\user\Desktop\data\date-wise\live_ticks_20250721_163044.csv
2025-08-05 12:57:30,549 - utils.simple_loader - INFO - Loading data from: C:\Users\user\Desktop\data\date-wise\live_ticks_20250721_163044.csv
2025-08-05 12:57:32,104 - utils.simple_loader - INFO - Processing as tick-by-tick data
2025-08-05 12:57:32,108 - utils.simple_loader - INFO - Loaded 36151 ticks
2025-08-05 12:57:32,110 - backtest.backtest_runner - INFO - Loaded and normalized data. Shape: (36151, 6). Time range: 2025-07-21 09:18:04+05:30 to 2025-07-21 15:30:01+05:30
2025-08-05 12:57:32,111 - backtest.backtest_runner - INFO - Optimizing memory usage for large tick dataset (36151 ticks)
2025-08-05 12:57:32,112 - backtest.backtest_runner - INFO - Trimmed dataset from 36151 to 1000 rows for optimized indicator calculation
2025-08-05 12:57:32,113 - core.indicators - INFO - Validating data quality for 1000 rows
2025-08-05 12:57:32,114 - backtest.backtest_runner - INFO - Starting backtest execution...
2025-08-05 12:57:32,119 - backtest.backtest_runner - INFO - ============================================================
2025-08-05 12:57:32,120 - backtest.backtest_runner - INFO - BACKTEST SUMMARY
2025-08-05 12:57:32,121 - backtest.backtest_runner - INFO - ============================================================
2025-08-05 12:57:32,122 - backtest.backtest_runner - INFO - Data Quality:
2025-08-05 12:57:32,122 - backtest.backtest_runner - INFO -   Total input rows: 36151
2025-08-05 12:57:32,125 - backtest.backtest_runner - INFO -   Processed rows: 36151
2025-08-05 12:57:32,126 - backtest.backtest_runner - INFO -   Data quality: 100.0%
2025-08-05 12:57:32,127 - backtest.backtest_runner - INFO - 
2025-08-05 12:57:32,127 - backtest.backtest_runner - INFO - Trading Performance:
2025-08-05 12:57:32,127 - backtest.backtest_runner - INFO -   Total Trades: 0
2025-08-05 12:57:32,128 - backtest.backtest_runner - INFO -   Win Rate: 0.00%
2025-08-05 12:57:32,155 - backtest.backtest_runner - INFO -   Profit Factor: 0.00
2025-08-05 12:57:32,179 - backtest.backtest_runner - INFO - ============================================================
2025-08-05 12:57:32,182 - backtest.backtest_runner - WARNING - No trades executed during backtest
2025-08-05 12:57:32,188 - backtest.backtest_runner - INFO - ============================================================
2025-08-05 12:57:32,189 - backtest.backtest_runner - INFO - STARTING BACKTEST WITH NORMALIZED DATA PIPELINE
2025-08-05 12:57:32,190 - backtest.backtest_runner - INFO - ============================================================
2025-08-05 12:57:32,190 - core.researchStrategy - INFO - Strategy initialized: Modular Intraday Long-Only Strategy v3.0
2025-08-05 12:57:32,191 - core.researchStrategy - INFO - Indicators enabled: EMA=True, MACD=True, VWAP=True, HTF=True, RSI=False
2025-08-05 12:57:32,191 - core.position_manager - INFO - PositionManager initialized with capital: 100,000
2025-08-05 12:57:32,191 - backtest.backtest_runner - INFO - Loading data with centralized loader...
2025-08-05 12:57:32,192 - backtest.backtest_runner - INFO - Loading data from: C:\Users\user\Desktop\data\date-wise\live_ticks_20250721_163044.csv
2025-08-05 12:57:32,192 - utils.simple_loader - INFO - Loading data from: C:\Users\user\Desktop\data\date-wise\live_ticks_20250721_163044.csv
2025-08-05 12:57:33,960 - utils.simple_loader - INFO - Processing as tick-by-tick data
2025-08-05 12:57:33,963 - utils.simple_loader - INFO - Loaded 36151 ticks
2025-08-05 12:57:33,966 - backtest.backtest_runner - INFO - Loaded and normalized data. Shape: (36151, 6). Time range: 2025-07-21 09:18:04+05:30 to 2025-07-21 15:30:01+05:30
2025-08-05 12:57:33,966 - backtest.backtest_runner - INFO - Optimizing memory usage for large tick dataset (36151 ticks)
2025-08-05 12:57:33,968 - backtest.backtest_runner - INFO - Trimmed dataset from 36151 to 1000 rows for optimized indicator calculation
2025-08-05 12:57:33,970 - core.indicators - INFO - Validating data quality for 1000 rows
2025-08-05 12:57:33,972 - backtest.backtest_runner - INFO - Starting backtest execution...
2025-08-05 12:57:33,977 - backtest.backtest_runner - INFO - ============================================================
2025-08-05 12:57:33,978 - backtest.backtest_runner - INFO - BACKTEST SUMMARY
2025-08-05 12:57:33,979 - backtest.backtest_runner - INFO - ============================================================
2025-08-05 12:57:33,980 - backtest.backtest_runner - INFO - Data Quality:
2025-08-05 12:57:33,980 - backtest.backtest_runner - INFO -   Total input rows: 36151
2025-08-05 12:57:33,980 - backtest.backtest_runner - INFO -   Processed rows: 36151
2025-08-05 12:57:33,981 - backtest.backtest_runner - INFO -   Data quality: 100.0%
2025-08-05 12:57:33,981 - backtest.backtest_runner - INFO - 
2025-08-05 12:57:33,985 - backtest.backtest_runner - INFO - Trading Performance:
2025-08-05 12:57:33,985 - backtest.backtest_runner - INFO -   Total Trades: 0
2025-08-05 12:57:33,986 - backtest.backtest_runner - INFO -   Win Rate: 0.00%
2025-08-05 12:57:34,015 - backtest.backtest_runner - INFO -   Profit Factor: 0.00
2025-08-05 12:57:34,053 - backtest.backtest_runner - INFO - ============================================================
2025-08-05 12:57:34,053 - backtest.backtest_runner - WARNING - No trades executed during backtest
2025-08-05 12:57:34,104 - backtest.backtest_runner - INFO - ============================================================
2025-08-05 12:57:34,104 - backtest.backtest_runner - INFO - STARTING BACKTEST WITH NORMALIZED DATA PIPELINE
2025-08-05 12:57:34,105 - backtest.backtest_runner - INFO - ============================================================
2025-08-05 12:57:34,106 - core.researchStrategy - INFO - Strategy initialized: Modular Intraday Long-Only Strategy v3.0
2025-08-05 12:57:34,106 - core.researchStrategy - INFO - Indicators enabled: EMA=True, MACD=True, VWAP=True, HTF=True, RSI=False
2025-08-05 12:57:34,107 - core.position_manager - INFO - PositionManager initialized with capital: 100,000
2025-08-05 12:57:34,108 - backtest.backtest_runner - INFO - Loading data with centralized loader...
2025-08-05 12:57:34,109 - backtest.backtest_runner - INFO - Loading data from: C:\Users\user\Desktop\data\date-wise\live_ticks_20250721_163044.csv
2025-08-05 12:57:34,110 - utils.simple_loader - INFO - Loading data from: C:\Users\user\Desktop\data\date-wise\live_ticks_20250721_163044.csv
2025-08-05 12:57:39,894 - utils.simple_loader - INFO - Processing as tick-by-tick data
2025-08-05 12:57:39,946 - utils.simple_loader - INFO - Loaded 36151 ticks
2025-08-05 12:57:39,981 - backtest.backtest_runner - INFO - Loaded and normalized data. Shape: (36151, 6). Time range: 2025-07-21 09:18:04+05:30 to 2025-07-21 15:30:01+05:30
2025-08-05 12:57:39,988 - backtest.backtest_runner - INFO - Optimizing memory usage for large tick dataset (36151 ticks)
2025-08-05 12:57:40,002 - backtest.backtest_runner - INFO - Trimmed dataset from 36151 to 1000 rows for optimized indicator calculation
2025-08-05 12:57:40,032 - core.indicators - INFO - Validating data quality for 1000 rows
2025-08-05 12:57:40,045 - backtest.backtest_runner - INFO - Starting backtest execution...
2025-08-05 12:57:40,058 - backtest.backtest_runner - INFO - ============================================================
2025-08-05 12:57:40,067 - backtest.backtest_runner - INFO - BACKTEST SUMMARY
2025-08-05 12:57:40,070 - backtest.backtest_runner - INFO - ============================================================
2025-08-05 12:57:40,075 - backtest.backtest_runner - INFO - Data Quality:
2025-08-05 12:57:40,077 - backtest.backtest_runner - INFO -   Total input rows: 36151
2025-08-05 12:57:40,078 - backtest.backtest_runner - INFO -   Processed rows: 36151
2025-08-05 12:57:40,079 - backtest.backtest_runner - INFO -   Data quality: 100.0%
2025-08-05 12:57:40,080 - backtest.backtest_runner - INFO - 
2025-08-05 12:57:40,087 - backtest.backtest_runner - INFO - Trading Performance:
2025-08-05 12:57:40,088 - backtest.backtest_runner - INFO -   Total Trades: 0
2025-08-05 12:57:40,089 - backtest.backtest_runner - INFO -   Win Rate: 0.00%
2025-08-05 12:57:40,308 - backtest.backtest_runner - INFO -   Profit Factor: 0.00
2025-08-05 12:57:40,814 - backtest.backtest_runner - INFO - ============================================================
2025-08-05 12:57:40,815 - backtest.backtest_runner - WARNING - No trades executed during backtest
2025-08-05 12:57:40,837 - backtest.backtest_runner - INFO - ============================================================
2025-08-05 12:57:40,845 - backtest.backtest_runner - INFO - STARTING BACKTEST WITH NORMALIZED DATA PIPELINE
2025-08-05 12:57:40,847 - backtest.backtest_runner - INFO - ============================================================
2025-08-05 12:57:40,858 - core.researchStrategy - INFO - Strategy initialized: Modular Intraday Long-Only Strategy v3.0
2025-08-05 12:57:40,859 - core.researchStrategy - INFO - Indicators enabled: EMA=True, MACD=True, VWAP=True, HTF=True, RSI=False
2025-08-05 12:57:40,866 - core.position_manager - INFO - PositionManager initialized with capital: 100,000
2025-08-05 12:57:40,868 - backtest.backtest_runner - INFO - Loading data with centralized loader...
2025-08-05 12:57:40,875 - backtest.backtest_runner - INFO - Loading data from: C:\Users\user\Desktop\data\date-wise\live_ticks_20250721_163044.csv
2025-08-05 12:57:40,879 - utils.simple_loader - INFO - Loading data from: C:\Users\user\Desktop\data\date-wise\live_ticks_20250721_163044.csv
2025-08-05 12:57:46,538 - utils.simple_loader - INFO - Processing as tick-by-tick data
2025-08-05 12:57:46,557 - utils.simple_loader - INFO - Loaded 36151 ticks
2025-08-05 12:57:46,570 - backtest.backtest_runner - INFO - Loaded and normalized data. Shape: (36151, 6). Time range: 2025-07-21 09:18:04+05:30 to 2025-07-21 15:30:01+05:30
2025-08-05 12:57:46,578 - backtest.backtest_runner - INFO - Optimizing memory usage for large tick dataset (36151 ticks)
2025-08-05 12:57:46,580 - backtest.backtest_runner - INFO - Trimmed dataset from 36151 to 1000 rows for optimized indicator calculation
2025-08-05 12:57:46,582 - core.indicators - INFO - Validating data quality for 1000 rows
2025-08-05 12:57:46,590 - backtest.backtest_runner - INFO - Starting backtest execution...
2025-08-05 12:57:46,601 - backtest.backtest_runner - INFO - ============================================================
2025-08-05 12:57:46,607 - backtest.backtest_runner - INFO - BACKTEST SUMMARY
2025-08-05 12:57:46,609 - backtest.backtest_runner - INFO - ============================================================
2025-08-05 12:57:46,610 - backtest.backtest_runner - INFO - Data Quality:
2025-08-05 12:57:46,617 - backtest.backtest_runner - INFO -   Total input rows: 36151
2025-08-05 12:57:46,629 - backtest.backtest_runner - INFO -   Processed rows: 36151
2025-08-05 12:57:46,630 - backtest.backtest_runner - INFO -   Data quality: 100.0%
2025-08-05 12:57:46,631 - backtest.backtest_runner - INFO - 
2025-08-05 12:57:46,646 - backtest.backtest_runner - INFO - Trading Performance:
2025-08-05 12:57:46,647 - backtest.backtest_runner - INFO -   Total Trades: 0
2025-08-05 12:57:46,648 - backtest.backtest_runner - INFO -   Win Rate: 0.00%
2025-08-05 12:57:47,015 - backtest.backtest_runner - INFO -   Profit Factor: 0.00
2025-08-05 12:57:47,207 - backtest.backtest_runner - INFO - ============================================================
2025-08-05 12:57:47,210 - backtest.backtest_runner - WARNING - No trades executed during backtest
2025-08-05 12:57:47,234 - backtest.backtest_runner - INFO - ============================================================
2025-08-05 12:57:47,237 - backtest.backtest_runner - INFO - STARTING BACKTEST WITH NORMALIZED DATA PIPELINE
2025-08-05 12:57:47,255 - backtest.backtest_runner - INFO - ============================================================
2025-08-05 12:57:47,278 - core.researchStrategy - INFO - Strategy initialized: Modular Intraday Long-Only Strategy v3.0
2025-08-05 12:57:47,296 - core.researchStrategy - INFO - Indicators enabled: EMA=True, MACD=True, VWAP=True, HTF=True, RSI=False
2025-08-05 12:57:47,298 - core.position_manager - INFO - PositionManager initialized with capital: 100,000
2025-08-05 12:57:47,314 - backtest.backtest_runner - INFO - Loading data with centralized loader...
2025-08-05 12:57:47,327 - backtest.backtest_runner - INFO - Loading data from: C:\Users\user\Desktop\data\date-wise\live_ticks_20250721_163044.csv
2025-08-05 12:57:47,338 - utils.simple_loader - INFO - Loading data from: C:\Users\user\Desktop\data\date-wise\live_ticks_20250721_163044.csv
2025-08-05 12:57:52,871 - utils.simple_loader - INFO - Processing as tick-by-tick data
2025-08-05 12:57:52,944 - utils.simple_loader - INFO - Loaded 36151 ticks
2025-08-05 12:57:53,000 - backtest.backtest_runner - INFO - Loaded and normalized data. Shape: (36151, 6). Time range: 2025-07-21 09:18:04+05:30 to 2025-07-21 15:30:01+05:30
2025-08-05 12:57:53,017 - backtest.backtest_runner - INFO - Optimizing memory usage for large tick dataset (36151 ticks)
2025-08-05 12:57:53,021 - backtest.backtest_runner - INFO - Trimmed dataset from 36151 to 1000 rows for optimized indicator calculation
2025-08-05 12:57:53,035 - core.indicators - INFO - Validating data quality for 1000 rows
2025-08-05 12:57:53,051 - backtest.backtest_runner - INFO - Starting backtest execution...
2025-08-05 12:57:53,077 - backtest.backtest_runner - INFO - ============================================================
2025-08-05 12:57:53,083 - backtest.backtest_runner - INFO - BACKTEST SUMMARY
2025-08-05 12:57:53,086 - backtest.backtest_runner - INFO - ============================================================
2025-08-05 12:57:53,091 - backtest.backtest_runner - INFO - Data Quality:
2025-08-05 12:57:53,103 - backtest.backtest_runner - INFO -   Total input rows: 36151
2025-08-05 12:57:53,106 - backtest.backtest_runner - INFO -   Processed rows: 36151
2025-08-05 12:57:53,109 - backtest.backtest_runner - INFO -   Data quality: 100.0%
2025-08-05 12:57:53,110 - backtest.backtest_runner - INFO - 
2025-08-05 12:57:53,113 - backtest.backtest_runner - INFO - Trading Performance:
2025-08-05 12:57:53,119 - backtest.backtest_runner - INFO -   Total Trades: 0
2025-08-05 12:57:53,123 - backtest.backtest_runner - INFO -   Win Rate: 0.00%
2025-08-05 12:57:54,725 - backtest.backtest_runner - INFO -   Profit Factor: 0.00
2025-08-05 12:57:55,210 - backtest.backtest_runner - INFO - ============================================================
2025-08-05 12:57:55,223 - backtest.backtest_runner - WARNING - No trades executed during backtest
2025-08-05 12:57:55,248 - backtest.backtest_runner - INFO - ============================================================
2025-08-05 12:57:55,249 - backtest.backtest_runner - INFO - STARTING BACKTEST WITH NORMALIZED DATA PIPELINE
2025-08-05 12:57:55,260 - backtest.backtest_runner - INFO - ============================================================
2025-08-05 12:57:55,263 - core.researchStrategy - INFO - Strategy initialized: Modular Intraday Long-Only Strategy v3.0
2025-08-05 12:57:55,266 - core.researchStrategy - INFO - Indicators enabled: EMA=True, MACD=True, VWAP=True, HTF=True, RSI=False
2025-08-05 12:57:55,270 - core.position_manager - INFO - PositionManager initialized with capital: 100,000
2025-08-05 12:57:55,285 - backtest.backtest_runner - INFO - Loading data with centralized loader...
2025-08-05 12:57:55,286 - backtest.backtest_runner - INFO - Loading data from: C:\Users\user\Desktop\data\date-wise\live_ticks_20250721_163044.csv
2025-08-05 12:57:55,288 - utils.simple_loader - INFO - Loading data from: C:\Users\user\Desktop\data\date-wise\live_ticks_20250721_163044.csv
2025-08-05 12:58:00,739 - utils.simple_loader - INFO - Processing as tick-by-tick data
2025-08-05 12:58:00,766 - utils.simple_loader - INFO - Loaded 36151 ticks
2025-08-05 12:58:00,774 - backtest.backtest_runner - INFO - Loaded and normalized data. Shape: (36151, 6). Time range: 2025-07-21 09:18:04+05:30 to 2025-07-21 15:30:01+05:30
2025-08-05 12:58:00,778 - backtest.backtest_runner - INFO - Optimizing memory usage for large tick dataset (36151 ticks)
2025-08-05 12:58:00,786 - backtest.backtest_runner - INFO - Trimmed dataset from 36151 to 1000 rows for optimized indicator calculation
2025-08-05 12:58:00,794 - core.indicators - INFO - Validating data quality for 1000 rows
2025-08-05 12:58:00,798 - backtest.backtest_runner - INFO - Starting backtest execution...
2025-08-05 12:58:00,817 - backtest.backtest_runner - INFO - ============================================================
2025-08-05 12:58:00,818 - backtest.backtest_runner - INFO - BACKTEST SUMMARY
2025-08-05 12:58:00,821 - backtest.backtest_runner - INFO - ============================================================
2025-08-05 12:58:00,822 - backtest.backtest_runner - INFO - Data Quality:
2025-08-05 12:58:00,833 - backtest.backtest_runner - INFO -   Total input rows: 36151
2025-08-05 12:58:00,833 - backtest.backtest_runner - INFO -   Processed rows: 36151
2025-08-05 12:58:00,834 - backtest.backtest_runner - INFO -   Data quality: 100.0%
2025-08-05 12:58:00,835 - backtest.backtest_runner - INFO - 
2025-08-05 12:58:00,836 - backtest.backtest_runner - INFO - Trading Performance:
2025-08-05 12:58:00,836 - backtest.backtest_runner - INFO -   Total Trades: 0
2025-08-05 12:58:00,839 - backtest.backtest_runner - INFO -   Win Rate: 0.00%
2025-08-05 12:58:00,999 - backtest.backtest_runner - INFO -   Profit Factor: 0.00
2025-08-05 12:58:01,584 - backtest.backtest_runner - INFO - ============================================================
2025-08-05 12:58:01,585 - backtest.backtest_runner - WARNING - No trades executed during backtest
2025-08-05 12:58:01,616 - backtest.backtest_runner - INFO - ============================================================
2025-08-05 12:58:01,626 - backtest.backtest_runner - INFO - STARTING BACKTEST WITH NORMALIZED DATA PIPELINE
2025-08-05 12:58:01,627 - backtest.backtest_runner - INFO - ============================================================
2025-08-05 12:58:01,628 - core.researchStrategy - INFO - Strategy initialized: Modular Intraday Long-Only Strategy v3.0
2025-08-05 12:58:01,628 - core.researchStrategy - INFO - Indicators enabled: EMA=True, MACD=True, VWAP=True, HTF=True, RSI=False
2025-08-05 12:58:01,634 - core.position_manager - INFO - PositionManager initialized with capital: 100,000
2025-08-05 12:58:01,639 - backtest.backtest_runner - INFO - Loading data with centralized loader...
2025-08-05 12:58:01,640 - backtest.backtest_runner - INFO - Loading data from: C:\Users\user\Desktop\data\date-wise\live_ticks_20250721_163044.csv
2025-08-05 12:58:01,642 - utils.simple_loader - INFO - Loading data from: C:\Users\user\Desktop\data\date-wise\live_ticks_20250721_163044.csv
2025-08-05 12:58:06,730 - utils.simple_loader - INFO - Processing as tick-by-tick data
2025-08-05 12:58:06,745 - utils.simple_loader - INFO - Loaded 36151 ticks
2025-08-05 12:58:06,752 - backtest.backtest_runner - INFO - Loaded and normalized data. Shape: (36151, 6). Time range: 2025-07-21 09:18:04+05:30 to 2025-07-21 15:30:01+05:30
2025-08-05 12:58:06,753 - backtest.backtest_runner - INFO - Optimizing memory usage for large tick dataset (36151 ticks)
2025-08-05 12:58:06,756 - backtest.backtest_runner - INFO - Trimmed dataset from 36151 to 1000 rows for optimized indicator calculation
2025-08-05 12:58:06,770 - core.indicators - INFO - Validating data quality for 1000 rows
2025-08-05 12:58:06,776 - backtest.backtest_runner - INFO - Starting backtest execution...
2025-08-05 12:58:06,791 - backtest.backtest_runner - INFO - ============================================================
2025-08-05 12:58:06,793 - backtest.backtest_runner - INFO - BACKTEST SUMMARY
2025-08-05 12:58:06,795 - backtest.backtest_runner - INFO - ============================================================
2025-08-05 12:58:06,796 - backtest.backtest_runner - INFO - Data Quality:
2025-08-05 12:58:06,801 - backtest.backtest_runner - INFO -   Total input rows: 36151
2025-08-05 12:58:06,808 - backtest.backtest_runner - INFO -   Processed rows: 36151
2025-08-05 12:58:06,809 - backtest.backtest_runner - INFO -   Data quality: 100.0%
2025-08-05 12:58:06,810 - backtest.backtest_runner - INFO - 
2025-08-05 12:58:06,811 - backtest.backtest_runner - INFO - Trading Performance:
2025-08-05 12:58:06,812 - backtest.backtest_runner - INFO -   Total Trades: 0
2025-08-05 12:58:06,812 - backtest.backtest_runner - INFO -   Win Rate: 0.00%
2025-08-05 12:58:06,913 - backtest.backtest_runner - INFO -   Profit Factor: 0.00
2025-08-05 12:58:07,055 - backtest.backtest_runner - INFO - ============================================================
2025-08-05 12:58:07,058 - backtest.backtest_runner - WARNING - No trades executed during backtest
2025-08-05 12:58:07,076 - backtest.backtest_runner - INFO - ============================================================
2025-08-05 12:58:07,077 - backtest.backtest_runner - INFO - STARTING BACKTEST WITH NORMALIZED DATA PIPELINE
2025-08-05 12:58:07,078 - backtest.backtest_runner - INFO - ============================================================
2025-08-05 12:58:07,080 - core.researchStrategy - INFO - Strategy initialized: Modular Intraday Long-Only Strategy v3.0
2025-08-05 12:58:07,088 - core.researchStrategy - INFO - Indicators enabled: EMA=True, MACD=True, VWAP=True, HTF=True, RSI=False
2025-08-05 12:58:07,090 - core.position_manager - INFO - PositionManager initialized with capital: 100,000
2025-08-05 12:58:07,095 - backtest.backtest_runner - INFO - Loading data with centralized loader...
2025-08-05 12:58:07,095 - backtest.backtest_runner - INFO - Loading data from: C:\Users\user\Desktop\data\date-wise\live_ticks_20250721_163044.csv
2025-08-05 12:58:07,097 - utils.simple_loader - INFO - Loading data from: C:\Users\user\Desktop\data\date-wise\live_ticks_20250721_163044.csv
2025-08-05 12:58:12,686 - utils.simple_loader - INFO - Processing as tick-by-tick data
2025-08-05 12:58:12,694 - utils.simple_loader - INFO - Loaded 36151 ticks
2025-08-05 12:58:12,701 - backtest.backtest_runner - INFO - Loaded and normalized data. Shape: (36151, 6). Time range: 2025-07-21 09:18:04+05:30 to 2025-07-21 15:30:01+05:30
2025-08-05 12:58:12,702 - backtest.backtest_runner - INFO - Optimizing memory usage for large tick dataset (36151 ticks)
2025-08-05 12:58:12,703 - backtest.backtest_runner - INFO - Trimmed dataset from 36151 to 1000 rows for optimized indicator calculation
2025-08-05 12:58:12,707 - core.indicators - INFO - Validating data quality for 1000 rows
2025-08-05 12:58:12,711 - backtest.backtest_runner - INFO - Starting backtest execution...
2025-08-05 12:58:12,727 - backtest.backtest_runner - INFO - ============================================================
2025-08-05 12:58:12,729 - backtest.backtest_runner - INFO - BACKTEST SUMMARY
2025-08-05 12:58:12,729 - backtest.backtest_runner - INFO - ============================================================
2025-08-05 12:58:12,731 - backtest.backtest_runner - INFO - Data Quality:
2025-08-05 12:58:12,731 - backtest.backtest_runner - INFO -   Total input rows: 36151
2025-08-05 12:58:12,734 - backtest.backtest_runner - INFO -   Processed rows: 36151
2025-08-05 12:58:12,736 - backtest.backtest_runner - INFO -   Data quality: 100.0%
2025-08-05 12:58:12,738 - backtest.backtest_runner - INFO - 
2025-08-05 12:58:12,745 - backtest.backtest_runner - INFO - Trading Performance:
2025-08-05 12:58:12,748 - backtest.backtest_runner - INFO -   Total Trades: 0
2025-08-05 12:58:12,748 - backtest.backtest_runner - INFO -   Win Rate: 0.00%
2025-08-05 12:58:12,852 - backtest.backtest_runner - INFO -   Profit Factor: 0.00
2025-08-05 12:58:13,018 - backtest.backtest_runner - INFO - ============================================================
2025-08-05 12:58:13,019 - backtest.backtest_runner - WARNING - No trades executed during backtest
2025-08-05 12:58:13,031 - backtest.backtest_runner - INFO - ============================================================
2025-08-05 12:58:13,032 - backtest.backtest_runner - INFO - STARTING BACKTEST WITH NORMALIZED DATA PIPELINE
2025-08-05 12:58:13,034 - backtest.backtest_runner - INFO - ============================================================
2025-08-05 12:58:13,037 - core.researchStrategy - INFO - Strategy initialized: Modular Intraday Long-Only Strategy v3.0
2025-08-05 12:58:13,038 - core.researchStrategy - INFO - Indicators enabled: EMA=True, MACD=True, VWAP=True, HTF=True, RSI=False
2025-08-05 12:58:13,041 - core.position_manager - INFO - PositionManager initialized with capital: 100,000
2025-08-05 12:58:13,042 - backtest.backtest_runner - INFO - Loading data with centralized loader...
2025-08-05 12:58:13,043 - backtest.backtest_runner - INFO - Loading data from: C:\Users\user\Desktop\data\date-wise\live_ticks_20250721_163044.csv
2025-08-05 12:58:13,050 - utils.simple_loader - INFO - Loading data from: C:\Users\user\Desktop\data\date-wise\live_ticks_20250721_163044.csv
2025-08-05 12:58:17,918 - utils.simple_loader - INFO - Processing as tick-by-tick data
2025-08-05 12:58:17,938 - utils.simple_loader - INFO - Loaded 36151 ticks
2025-08-05 12:58:17,953 - backtest.backtest_runner - INFO - Loaded and normalized data. Shape: (36151, 6). Time range: 2025-07-21 09:18:04+05:30 to 2025-07-21 15:30:01+05:30
2025-08-05 12:58:17,954 - backtest.backtest_runner - INFO - Optimizing memory usage for large tick dataset (36151 ticks)
2025-08-05 12:58:17,972 - backtest.backtest_runner - INFO - Trimmed dataset from 36151 to 1000 rows for optimized indicator calculation
2025-08-05 12:58:17,974 - core.indicators - INFO - Validating data quality for 1000 rows
2025-08-05 12:58:17,979 - backtest.backtest_runner - INFO - Starting backtest execution...
2025-08-05 12:58:17,999 - backtest.backtest_runner - INFO - ============================================================
2025-08-05 12:58:17,999 - backtest.backtest_runner - INFO - BACKTEST SUMMARY
2025-08-05 12:58:18,015 - backtest.backtest_runner - INFO - ============================================================
2025-08-05 12:58:18,030 - backtest.backtest_runner - INFO - Data Quality:
2025-08-05 12:58:18,033 - backtest.backtest_runner - INFO -   Total input rows: 36151
2025-08-05 12:58:18,034 - backtest.backtest_runner - INFO -   Processed rows: 36151
2025-08-05 12:58:18,038 - backtest.backtest_runner - INFO -   Data quality: 100.0%
2025-08-05 12:58:18,039 - backtest.backtest_runner - INFO - 
2025-08-05 12:58:18,040 - backtest.backtest_runner - INFO - Trading Performance:
2025-08-05 12:58:18,040 - backtest.backtest_runner - INFO -   Total Trades: 0
2025-08-05 12:58:18,053 - backtest.backtest_runner - INFO -   Win Rate: 0.00%
2025-08-05 12:58:18,221 - backtest.backtest_runner - INFO -   Profit Factor: 0.00
2025-08-05 12:58:18,558 - backtest.backtest_runner - INFO - ============================================================
2025-08-05 12:58:18,560 - backtest.backtest_runner - WARNING - No trades executed during backtest
2025-08-05 12:58:18,576 - backtest.backtest_runner - INFO - ============================================================
2025-08-05 12:58:18,577 - backtest.backtest_runner - INFO - STARTING BACKTEST WITH NORMALIZED DATA PIPELINE
2025-08-05 12:58:18,600 - backtest.backtest_runner - INFO - ============================================================
2025-08-05 12:58:18,617 - core.researchStrategy - INFO - Strategy initialized: Modular Intraday Long-Only Strategy v3.0
2025-08-05 12:58:18,621 - core.researchStrategy - INFO - Indicators enabled: EMA=True, MACD=True, VWAP=True, HTF=True, RSI=False
2025-08-05 12:58:18,623 - core.position_manager - INFO - PositionManager initialized with capital: 100,000
2025-08-05 12:58:18,660 - backtest.backtest_runner - INFO - Loading data with centralized loader...
2025-08-05 12:58:18,663 - backtest.backtest_runner - INFO - Loading data from: C:\Users\user\Desktop\data\date-wise\live_ticks_20250721_163044.csv
2025-08-05 12:58:18,666 - utils.simple_loader - INFO - Loading data from: C:\Users\user\Desktop\data\date-wise\live_ticks_20250721_163044.csv
2025-08-05 12:58:25,801 - utils.simple_loader - INFO - Processing as tick-by-tick data
2025-08-05 12:58:26,144 - utils.simple_loader - INFO - Loaded 36151 ticks
2025-08-05 12:58:26,386 - backtest.backtest_runner - INFO - Loaded and normalized data. Shape: (36151, 6). Time range: 2025-07-21 09:18:04+05:30 to 2025-07-21 15:30:01+05:30
2025-08-05 12:58:26,552 - backtest.backtest_runner - INFO - Optimizing memory usage for large tick dataset (36151 ticks)
2025-08-05 12:58:26,713 - backtest.backtest_runner - INFO - Trimmed dataset from 36151 to 1000 rows for optimized indicator calculation
2025-08-05 12:58:26,830 - core.indicators - INFO - Validating data quality for 1000 rows
2025-08-05 12:58:26,981 - backtest.backtest_runner - INFO - Starting backtest execution...
2025-08-05 12:58:27,097 - backtest.backtest_runner - INFO - ============================================================
2025-08-05 12:58:27,101 - backtest.backtest_runner - INFO - BACKTEST SUMMARY
2025-08-05 12:58:27,102 - backtest.backtest_runner - INFO - ============================================================
2025-08-05 12:58:27,106 - backtest.backtest_runner - INFO - Data Quality:
2025-08-05 12:58:27,115 - backtest.backtest_runner - INFO -   Total input rows: 36151
2025-08-05 12:58:27,117 - backtest.backtest_runner - INFO -   Processed rows: 36151
2025-08-05 12:58:27,118 - backtest.backtest_runner - INFO -   Data quality: 100.0%
2025-08-05 12:58:27,255 - backtest.backtest_runner - INFO - 
2025-08-05 12:58:27,414 - backtest.backtest_runner - INFO - Trading Performance:
2025-08-05 12:58:27,454 - backtest.backtest_runner - INFO -   Total Trades: 0
2025-08-05 12:58:27,455 - backtest.backtest_runner - INFO -   Win Rate: 0.00%
2025-08-05 12:58:27,537 - backtest.backtest_runner - INFO -   Profit Factor: 0.00
2025-08-05 12:58:27,682 - backtest.backtest_runner - INFO - ============================================================
2025-08-05 12:58:27,686 - backtest.backtest_runner - WARNING - No trades executed during backtest
2025-08-05 12:58:27,744 - backtest.backtest_runner - INFO - ============================================================
2025-08-05 12:58:27,758 - backtest.backtest_runner - INFO - STARTING BACKTEST WITH NORMALIZED DATA PIPELINE
2025-08-05 12:58:27,759 - backtest.backtest_runner - INFO - ============================================================
2025-08-05 12:58:27,761 - core.researchStrategy - INFO - Strategy initialized: Modular Intraday Long-Only Strategy v3.0
2025-08-05 12:58:27,762 - core.researchStrategy - INFO - Indicators enabled: EMA=True, MACD=True, VWAP=True, HTF=True, RSI=False
2025-08-05 12:58:27,766 - core.position_manager - INFO - PositionManager initialized with capital: 100,000
2025-08-05 12:58:27,767 - backtest.backtest_runner - INFO - Loading data with centralized loader...
2025-08-05 12:58:27,768 - backtest.backtest_runner - INFO - Loading data from: C:\Users\user\Desktop\data\date-wise\live_ticks_20250721_163044.csv
2025-08-05 12:58:27,770 - utils.simple_loader - INFO - Loading data from: C:\Users\user\Desktop\data\date-wise\live_ticks_20250721_163044.csv
2025-08-05 12:58:31,895 - utils.simple_loader - INFO - Processing as tick-by-tick data
2025-08-05 12:58:31,903 - utils.simple_loader - INFO - Loaded 36151 ticks
2025-08-05 12:58:31,917 - backtest.backtest_runner - INFO - Loaded and normalized data. Shape: (36151, 6). Time range: 2025-07-21 09:18:04+05:30 to 2025-07-21 15:30:01+05:30
2025-08-05 12:58:31,918 - backtest.backtest_runner - INFO - Optimizing memory usage for large tick dataset (36151 ticks)
2025-08-05 12:58:31,927 - backtest.backtest_runner - INFO - Trimmed dataset from 36151 to 1000 rows for optimized indicator calculation
2025-08-05 12:58:31,936 - core.indicators - INFO - Validating data quality for 1000 rows
2025-08-05 12:58:31,941 - backtest.backtest_runner - INFO - Starting backtest execution...
2025-08-05 12:58:31,956 - backtest.backtest_runner - INFO - ============================================================
2025-08-05 12:58:31,957 - backtest.backtest_runner - INFO - BACKTEST SUMMARY
2025-08-05 12:58:31,959 - backtest.backtest_runner - INFO - ============================================================
2025-08-05 12:58:31,960 - backtest.backtest_runner - INFO - Data Quality:
2025-08-05 12:58:31,961 - backtest.backtest_runner - INFO -   Total input rows: 36151
2025-08-05 12:58:31,961 - backtest.backtest_runner - INFO -   Processed rows: 36151
2025-08-05 12:58:31,962 - backtest.backtest_runner - INFO -   Data quality: 100.0%
2025-08-05 12:58:31,963 - backtest.backtest_runner - INFO - 
2025-08-05 12:58:31,966 - backtest.backtest_runner - INFO - Trading Performance:
2025-08-05 12:58:31,980 - backtest.backtest_runner - INFO -   Total Trades: 0
2025-08-05 12:58:32,006 - backtest.backtest_runner - INFO -   Win Rate: 0.00%
2025-08-05 12:58:32,120 - backtest.backtest_runner - INFO -   Profit Factor: 0.00
2025-08-05 12:58:32,200 - backtest.backtest_runner - INFO - ============================================================
2025-08-05 12:58:32,201 - backtest.backtest_runner - WARNING - No trades executed during backtest
2025-08-05 12:58:32,209 - backtest.backtest_runner - INFO - ============================================================
2025-08-05 12:58:32,210 - backtest.backtest_runner - INFO - STARTING BACKTEST WITH NORMALIZED DATA PIPELINE
2025-08-05 12:58:32,219 - backtest.backtest_runner - INFO - ============================================================
2025-08-05 12:58:32,221 - core.researchStrategy - INFO - Strategy initialized: Modular Intraday Long-Only Strategy v3.0
2025-08-05 12:58:32,222 - core.researchStrategy - INFO - Indicators enabled: EMA=True, MACD=True, VWAP=True, HTF=True, RSI=False
2025-08-05 12:58:32,223 - core.position_manager - INFO - PositionManager initialized with capital: 100,000
2025-08-05 12:58:32,224 - backtest.backtest_runner - INFO - Loading data with centralized loader...
2025-08-05 12:58:32,227 - backtest.backtest_runner - INFO - Loading data from: C:\Users\user\Desktop\data\date-wise\live_ticks_20250721_163044.csv
2025-08-05 12:58:32,228 - utils.simple_loader - INFO - Loading data from: C:\Users\user\Desktop\data\date-wise\live_ticks_20250721_163044.csv
2025-08-05 12:58:36,449 - utils.simple_loader - INFO - Processing as tick-by-tick data
2025-08-05 12:58:36,460 - utils.simple_loader - INFO - Loaded 36151 ticks
2025-08-05 12:58:36,472 - backtest.backtest_runner - INFO - Loaded and normalized data. Shape: (36151, 6). Time range: 2025-07-21 09:18:04+05:30 to 2025-07-21 15:30:01+05:30
2025-08-05 12:58:36,480 - backtest.backtest_runner - INFO - Optimizing memory usage for large tick dataset (36151 ticks)
2025-08-05 12:58:36,481 - backtest.backtest_runner - INFO - Trimmed dataset from 36151 to 1000 rows for optimized indicator calculation
2025-08-05 12:58:36,483 - core.indicators - INFO - Validating data quality for 1000 rows
2025-08-05 12:58:36,488 - backtest.backtest_runner - INFO - Starting backtest execution...
2025-08-05 12:58:36,502 - backtest.backtest_runner - INFO - ============================================================
2025-08-05 12:58:36,503 - backtest.backtest_runner - INFO - BACKTEST SUMMARY
2025-08-05 12:58:36,505 - backtest.backtest_runner - INFO - ============================================================
2025-08-05 12:58:36,506 - backtest.backtest_runner - INFO - Data Quality:
2025-08-05 12:58:36,507 - backtest.backtest_runner - INFO -   Total input rows: 36151
2025-08-05 12:58:36,509 - backtest.backtest_runner - INFO -   Processed rows: 36151
2025-08-05 12:58:36,509 - backtest.backtest_runner - INFO -   Data quality: 100.0%
2025-08-05 12:58:36,514 - backtest.backtest_runner - INFO - 
2025-08-05 12:58:36,519 - backtest.backtest_runner - INFO - Trading Performance:
2025-08-05 12:58:36,520 - backtest.backtest_runner - INFO -   Total Trades: 0
2025-08-05 12:58:36,521 - backtest.backtest_runner - INFO -   Win Rate: 0.00%
2025-08-05 12:58:36,606 - backtest.backtest_runner - INFO -   Profit Factor: 0.00
2025-08-05 12:58:36,726 - backtest.backtest_runner - INFO - ============================================================
2025-08-05 12:58:36,727 - backtest.backtest_runner - WARNING - No trades executed during backtest
